2025-03-24 15:49:31,075	[INFO]	(client.py:162)_bot_login	[botpy] 登录机器人账号中...
2025-03-24 15:49:31,278	[INFO]	(robot.py:65)update_access_token	[botpy] access_token expires_in 1911
2025-03-24 15:49:31,856	[INFO]	(client.py:181)_bot_init	[botpy] 程序启动...
2025-03-24 15:49:31,857	[INFO]	(connection.py:60)multi_run	[botpy] 最大并发连接数: 1, 启动会话数: 1
2025-03-24 15:49:31,858	[INFO]	(client.py:242)bot_connect	[botpy] 会话启动中...
2025-03-24 15:49:31,858	[INFO]	(gateway.py:115)ws_connect	[botpy] 启动中...
2025-03-24 15:49:32,008	[INFO]	(gateway.py:142)ws_identify	[botpy] 鉴权中...
2025-03-24 15:49:32,137	[INFO]	(gateway.py:85)on_message	[botpy] 机器人「撸啊撸小助手-测试中」启动成功！
2025-03-24 15:49:32,137	[INFO]	(gateway.py:223)_send_heart	[botpy] 心跳维持启动...
2025-03-24 15:49:32,138	[INFO]	(test.py:16)on_ready	robot 「撸啊撸小助手-测试中」 on_ready!
2025-03-24 15:49:58,279	[INFO]	(test.py:20)on_group_at_message_create	robot CE917C95527BFF4731589D92D3D47541 on_ready!
2025-03-24 15:50:31,447	[INFO]	(test.py:20)on_group_at_message_create	robot CE917C95527BFF4731589D92D3D47541 on_ready!
2025-03-24 15:54:05,497	[INFO]	(test.py:20)on_group_at_message_create	robot CE917C95527BFF4731589D92D3D47541 on_ready!
2025-03-24 16:08:50,896	[INFO]	(client.py:162)_bot_login	[botpy] 登录机器人账号中...
2025-03-24 16:08:51,108	[INFO]	(robot.py:65)update_access_token	[botpy] access_token expires_in 751
2025-03-24 16:08:51,656	[INFO]	(client.py:181)_bot_init	[botpy] 程序启动...
2025-03-24 16:08:51,657	[INFO]	(connection.py:60)multi_run	[botpy] 最大并发连接数: 1, 启动会话数: 1
2025-03-24 16:08:51,658	[INFO]	(client.py:242)bot_connect	[botpy] 会话启动中...
2025-03-24 16:08:51,658	[INFO]	(gateway.py:115)ws_connect	[botpy] 启动中...
2025-03-24 16:08:51,823	[INFO]	(gateway.py:142)ws_identify	[botpy] 鉴权中...
2025-03-24 16:08:51,951	[INFO]	(gateway.py:85)on_message	[botpy] 机器人「撸啊撸小助手-测试中」启动成功！
2025-03-24 16:08:51,952	[INFO]	(gateway.py:223)_send_heart	[botpy] 心跳维持启动...
2025-03-24 16:08:51,953	[INFO]	(test.py:20)on_ready	robot 「撸啊撸小助手-测试中」 on_ready!
2025-03-24 16:09:10,054	[INFO]	(test.py:25)on_group_at_message_create	robot CE917C95527BFF4731589D92D3D47541 on_ready!
2025-03-24 16:11:42,172	[INFO]	(client.py:162)_bot_login	[botpy] 登录机器人账号中...
2025-03-24 16:11:42,501	[INFO]	(robot.py:65)update_access_token	[botpy] access_token expires_in 580
2025-03-24 16:11:43,257	[INFO]	(client.py:181)_bot_init	[botpy] 程序启动...
2025-03-24 16:11:43,258	[INFO]	(connection.py:60)multi_run	[botpy] 最大并发连接数: 1, 启动会话数: 1
2025-03-24 16:11:43,259	[INFO]	(client.py:242)bot_connect	[botpy] 会话启动中...
2025-03-24 16:11:43,259	[INFO]	(gateway.py:115)ws_connect	[botpy] 启动中...
2025-03-24 16:11:43,410	[INFO]	(gateway.py:142)ws_identify	[botpy] 鉴权中...
2025-03-24 16:11:43,546	[INFO]	(gateway.py:85)on_message	[botpy] 机器人「撸啊撸小助手-测试中」启动成功！
2025-03-24 16:11:43,546	[INFO]	(gateway.py:223)_send_heart	[botpy] 心跳维持启动...
2025-03-24 16:11:43,547	[INFO]	(test.py:20)on_ready	robot 「撸啊撸小助手-测试中」 on_ready!
2025-03-24 16:11:53,148	[INFO]	(test.py:25)on_group_at_message_create	robot CE917C95527BFF4731589D92D3D47541 on_ready!
2025-03-24 16:12:50,116	[INFO]	(client.py:162)_bot_login	[botpy] 登录机器人账号中...
2025-03-24 16:12:50,349	[INFO]	(robot.py:65)update_access_token	[botpy] access_token expires_in 512
2025-03-24 16:12:50,835	[INFO]	(client.py:181)_bot_init	[botpy] 程序启动...
2025-03-24 16:12:50,836	[INFO]	(connection.py:60)multi_run	[botpy] 最大并发连接数: 1, 启动会话数: 1
2025-03-24 16:12:50,837	[INFO]	(client.py:242)bot_connect	[botpy] 会话启动中...
2025-03-24 16:12:50,838	[INFO]	(gateway.py:115)ws_connect	[botpy] 启动中...
2025-03-24 16:12:51,002	[INFO]	(gateway.py:142)ws_identify	[botpy] 鉴权中...
2025-03-24 16:12:51,105	[INFO]	(gateway.py:85)on_message	[botpy] 机器人「撸啊撸小助手-测试中」启动成功！
2025-03-24 16:12:51,106	[INFO]	(gateway.py:223)_send_heart	[botpy] 心跳维持启动...
2025-03-24 16:12:51,106	[INFO]	(test.py:20)on_ready	robot 「撸啊撸小助手-测试中」 on_ready!
2025-03-24 16:13:04,729	[INFO]	(test.py:25)on_group_at_message_create	robot CE917C95527BFF4731589D92D3D47541 on_ready!
2025-03-24 16:13:13,308	[INFO]	(test.py:25)on_group_at_message_create	robot CE917C95527BFF4731589D92D3D47541 on_ready!
2025-03-24 16:18:00,398	[INFO]	(client.py:162)_bot_login	[botpy] 登录机器人账号中...
2025-03-24 16:18:00,641	[INFO]	(robot.py:65)update_access_token	[botpy] access_token expires_in 202
2025-03-24 16:18:01,184	[INFO]	(client.py:181)_bot_init	[botpy] 程序启动...
2025-03-24 16:18:01,185	[INFO]	(connection.py:60)multi_run	[botpy] 最大并发连接数: 1, 启动会话数: 1
2025-03-24 16:18:01,185	[INFO]	(client.py:242)bot_connect	[botpy] 会话启动中...
2025-03-24 16:18:01,186	[INFO]	(gateway.py:115)ws_connect	[botpy] 启动中...
2025-03-24 16:18:01,345	[INFO]	(gateway.py:142)ws_identify	[botpy] 鉴权中...
2025-03-24 16:18:01,473	[INFO]	(gateway.py:85)on_message	[botpy] 机器人「撸啊撸小助手-测试中」启动成功！
2025-03-24 16:18:01,474	[INFO]	(gateway.py:223)_send_heart	[botpy] 心跳维持启动...
2025-03-24 16:18:01,475	[INFO]	(test.py:21)on_ready	robot 「撸啊撸小助手-测试中」 on_ready!
2025-03-24 16:18:15,101	[INFO]	(test.py:26)on_group_at_message_create	robot CE917C95527BFF4731589D92D3D47541 on_ready!
2025-03-24 17:11:39,624	[INFO]	(client.py:162)_bot_login	[botpy] 登录机器人账号中...
2025-03-24 17:11:39,935	[INFO]	(robot.py:65)update_access_token	[botpy] access_token expires_in 7200
2025-03-24 17:11:40,529	[INFO]	(client.py:181)_bot_init	[botpy] 程序启动...
2025-03-24 17:11:40,529	[INFO]	(connection.py:60)multi_run	[botpy] 最大并发连接数: 1, 启动会话数: 1
2025-03-24 17:11:40,530	[INFO]	(client.py:242)bot_connect	[botpy] 会话启动中...
2025-03-24 17:11:40,530	[INFO]	(gateway.py:115)ws_connect	[botpy] 启动中...
2025-03-24 17:11:40,697	[INFO]	(gateway.py:142)ws_identify	[botpy] 鉴权中...
2025-03-24 17:11:40,823	[INFO]	(gateway.py:85)on_message	[botpy] 机器人「撸啊撸小助手-测试中」启动成功！
2025-03-24 17:11:40,824	[INFO]	(gateway.py:223)_send_heart	[botpy] 心跳维持启动...
2025-03-24 17:11:40,824	[INFO]	(test.py:50)on_ready	robot 「撸啊撸小助手-测试中」 on_ready!
2025-03-24 17:11:54,441	[INFO]	(test.py:55)on_group_at_message_create	robot CE917C95527BFF4731589D92D3D47541 on_ready!
2025-03-24 17:12:40,389	[ERROR]	(http.py:76)_handle_response	[botpy] 接口请求异常，请求连接: https://api.sgroup.qq.com/v2/groups/339791F5240B430F4B20CE03A8D585C2/messages, 错误代码: 400, 返回内容: {'message': '消息被去重，请检查请求msgseq', 'code': 40054005, 'err_code': 40054005, 'trace_id': '292c0419e2833bdd66c254381aa49228'}, trace_id:292c0419e2833bdd66c254381aa49228
2025-03-24 17:17:00,535	[INFO]	(client.py:162)_bot_login	[botpy] 登录机器人账号中...
2025-03-24 17:17:00,767	[INFO]	(robot.py:65)update_access_token	[botpy] access_token expires_in 6879
2025-03-24 17:17:01,324	[INFO]	(client.py:181)_bot_init	[botpy] 程序启动...
2025-03-24 17:17:01,325	[INFO]	(connection.py:60)multi_run	[botpy] 最大并发连接数: 1, 启动会话数: 1
2025-03-24 17:17:01,325	[INFO]	(client.py:242)bot_connect	[botpy] 会话启动中...
2025-03-24 17:17:01,326	[INFO]	(gateway.py:115)ws_connect	[botpy] 启动中...
2025-03-24 17:17:01,485	[INFO]	(gateway.py:142)ws_identify	[botpy] 鉴权中...
2025-03-24 17:17:01,616	[INFO]	(gateway.py:85)on_message	[botpy] 机器人「撸啊撸小助手-测试中」启动成功！
2025-03-24 17:17:01,616	[INFO]	(gateway.py:223)_send_heart	[botpy] 心跳维持启动...
2025-03-24 17:17:01,616	[INFO]	(test.py:50)on_ready	robot 「撸啊撸小助手-测试中」 on_ready!
2025-03-24 17:17:43,066	[INFO]	(client.py:162)_bot_login	[botpy] 登录机器人账号中...
2025-03-24 17:17:43,250	[INFO]	(robot.py:65)update_access_token	[botpy] access_token expires_in 6837
2025-03-24 17:17:43,732	[INFO]	(client.py:181)_bot_init	[botpy] 程序启动...
2025-03-24 17:17:43,732	[INFO]	(connection.py:60)multi_run	[botpy] 最大并发连接数: 1, 启动会话数: 1
2025-03-24 17:17:43,733	[INFO]	(client.py:242)bot_connect	[botpy] 会话启动中...
2025-03-24 17:17:43,733	[INFO]	(gateway.py:115)ws_connect	[botpy] 启动中...
2025-03-24 17:17:43,885	[INFO]	(gateway.py:142)ws_identify	[botpy] 鉴权中...
2025-03-24 17:17:43,995	[INFO]	(gateway.py:85)on_message	[botpy] 机器人「撸啊撸小助手-测试中」启动成功！
2025-03-24 17:17:43,995	[INFO]	(gateway.py:223)_send_heart	[botpy] 心跳维持启动...
2025-03-24 17:17:43,996	[INFO]	(test.py:50)on_ready	robot 「撸啊撸小助手-测试中」 on_ready!
2025-03-24 17:18:10,719	[INFO]	(test.py:55)on_group_at_message_create	robot CE917C95527BFF4731589D92D3D47541 on_ready!
2025-03-24 17:19:01,132	[INFO]	(test.py:55)on_group_at_message_create	robot CE917C95527BFF4731589D92D3D47541 on_ready!
2025-03-24 17:20:02,415	[INFO]	(gateway.py:56)on_closed	[botpy] 关闭, 返回码: WSCloseCode.OK, 返回信息: None
2025-03-24 17:20:02,415	[INFO]	(gateway.py:134)ws_connect	[botpy] ws关闭, 停止接收消息!
2025-03-24 17:20:07,428	[INFO]	(connection.py:60)multi_run	[botpy] 最大并发连接数: 1, 启动会话数: 1
2025-03-24 17:20:07,430	[INFO]	(client.py:242)bot_connect	[botpy] 会话启动中...
2025-03-24 17:20:07,431	[INFO]	(gateway.py:115)ws_connect	[botpy] 启动中...
2025-03-24 17:20:07,609	[INFO]	(gateway.py:175)ws_resume	[botpy] 重连启动...
2025-03-24 17:20:07,703	[INFO]	(gateway.py:90)on_message	[botpy] 机器人重连成功! 
2025-03-24 17:20:07,704	[INFO]	(gateway.py:223)_send_heart	[botpy] 心跳维持启动...
2025-03-24 17:24:58,301	[INFO]	(client.py:162)_bot_login	[botpy] 登录机器人账号中...
2025-03-24 17:24:58,561	[INFO]	(robot.py:65)update_access_token	[botpy] access_token expires_in 6401
2025-03-24 17:24:59,101	[INFO]	(client.py:181)_bot_init	[botpy] 程序启动...
2025-03-24 17:24:59,101	[INFO]	(connection.py:60)multi_run	[botpy] 最大并发连接数: 1, 启动会话数: 1
2025-03-24 17:24:59,102	[INFO]	(client.py:242)bot_connect	[botpy] 会话启动中...
2025-03-24 17:24:59,103	[INFO]	(gateway.py:115)ws_connect	[botpy] 启动中...
2025-03-24 17:24:59,257	[INFO]	(gateway.py:142)ws_identify	[botpy] 鉴权中...
2025-03-24 17:24:59,371	[INFO]	(gateway.py:85)on_message	[botpy] 机器人「撸啊撸小助手-测试中」启动成功！
2025-03-24 17:24:59,372	[INFO]	(gateway.py:223)_send_heart	[botpy] 心跳维持启动...
2025-03-24 17:24:59,372	[INFO]	(test.py:50)on_ready	robot 「撸啊撸小助手-测试中」 on_ready!
2025-03-24 17:25:21,984	[INFO]	(test.py:55)on_group_at_message_create	robot CE917C95527BFF4731589D92D3D47541 on_ready!
2025-03-24 17:27:24,279	[INFO]	(client.py:162)_bot_login	[botpy] 登录机器人账号中...
2025-03-24 17:27:24,475	[INFO]	(robot.py:65)update_access_token	[botpy] access_token expires_in 6255
2025-03-24 17:27:25,051	[INFO]	(client.py:181)_bot_init	[botpy] 程序启动...
2025-03-24 17:27:25,052	[INFO]	(connection.py:60)multi_run	[botpy] 最大并发连接数: 1, 启动会话数: 1
2025-03-24 17:27:25,052	[INFO]	(client.py:242)bot_connect	[botpy] 会话启动中...
2025-03-24 17:27:25,053	[INFO]	(gateway.py:115)ws_connect	[botpy] 启动中...
2025-03-24 17:27:25,214	[INFO]	(gateway.py:142)ws_identify	[botpy] 鉴权中...
2025-03-24 17:27:25,325	[INFO]	(gateway.py:85)on_message	[botpy] 机器人「撸啊撸小助手-测试中」启动成功！
2025-03-24 17:27:25,328	[INFO]	(gateway.py:223)_send_heart	[botpy] 心跳维持启动...
2025-03-24 17:27:25,329	[INFO]	(test.py:50)on_ready	robot 「撸啊撸小助手-测试中」 on_ready!
2025-03-24 17:27:33,367	[INFO]	(test.py:55)on_group_at_message_create	robot CE917C95527BFF4731589D92D3D47541 on_ready!
